2023/08/13 22:03:02 Failed to create user: rpc error: code = Canceled desc = grpc: the client connection is closing
2023/08/13 22:03:02 Internal Server Error: rpc error: code = Canceled desc = grpc: the client connection is closing
2023/08/13 22:19:35 Failed to protobuf decode data into Go structure
2023/08/13 22:20:04 Failed to start server: listen tcp 0.0.0.0:8080: bind: address already in use
2023/08/13 22:30:01 Failed to protobuf decode data into Go structure
2023/08/13 22:31:22 Failed to protobuf decode data into Go structure
2023/08/13 23:02:27 Failed to start server: listen tcp 0.0.0.0:8080: bind: address already in use
2023/08/13 23:07:19 Failed to protobuf decode data into Go structure: json: cannot unmarshal object into Go value of type int
2023/08/16 21:20:11 Failed to start server: listen tcp 0.0.0.0:8080: bind: address already in use
2023/08/17 20:06:47 Failed to create user: rpc error: code = Unknown desc = validation error, failed to get postal code from the request
2023/08/17 20:06:47 Internal Server Error: rpc error: code = Unknown desc = validation error, failed to get postal code from the request
2023/08/17 20:07:37 Failed to create user: rpc error: code = Unknown desc = validation error, failed to get postal code from the request
2023/08/17 20:07:37 Internal Server Error: rpc error: code = Unknown desc = validation error, failed to get postal code from the request
2023/08/17 20:08:50 Failed to create user: rpc error: code = Unknown desc = validation error, failed to get first name from the request
2023/08/17 20:08:50 Internal Server Error: rpc error: code = Unknown desc = validation error, failed to get first name from the request
2023/08/17 20:27:40 Failed to protobuf decode data into Go structure: unexpected end of JSON input
2023/08/17 20:27:52 Failed to protobuf decode data into Go structure: unexpected end of JSON input
2023/08/17 20:28:03 Failed to create user: rpc error: code = Unknown desc = validation error, failed to get first name from the request
2023/08/17 20:28:03 Internal Server Error: rpc error: code = Unknown desc = validation error, failed to get first name from the request
2023/08/17 20:28:17 Failed to create user: rpc error: code = Unknown desc = validation error, failed to get username from the request
2023/08/17 20:28:17 Internal Server Error: rpc error: code = Unknown desc = validation error, failed to get username from the request
2023/08/17 20:28:54 Failed to create user: rpc error: code = Unknown desc = validation error, failed to get username from the request
2023/08/17 20:28:54 Internal Server Error: rpc error: code = Unknown desc = validation error, failed to get username from the request
2023/08/17 20:29:37 Failed to create user: rpc error: code = Unknown desc = validation error, failed to get username from the request
2023/08/17 20:29:37 Internal Server Error: rpc error: code = Unknown desc = validation error, failed to get username from the request
2023/08/17 20:32:49 Failed to create user: rpc error: code = Unavailable desc = error reading from server: EOF
2023/08/17 20:32:49 Internal Server Error: rpc error: code = Unavailable desc = error reading from server: EOF
2023/08/17 20:37:27 Failed to create user: rpc error: code = Unavailable desc = error reading from server: EOF
2023/08/17 20:37:27 Internal Server Error: rpc error: code = Unavailable desc = error reading from server: EOF
2023/08/17 20:37:38 Failed to create user: rpc error: code = Unknown desc = validation error, failed to get username from the request
2023/08/17 20:37:38 Internal Server Error: rpc error: code = Unknown desc = validation error, failed to get username from the request
2023/08/17 23:58:29 Failed to create user: rpc error: code = Unknown desc = validation error, failed to get username from the request
2023/08/17 23:58:29 Internal Server Error: rpc error: code = Unknown desc = validation error, failed to get username from the request
2023/08/19 16:02:05 Failed to protobuf decode data into Go structure: unexpected end of JSON input
2023/08/19 16:02:12 Failed to get user: rpc error: code = Unknown desc = sql: no rows in result set
2023/08/19 16:02:12 Internal Server Error: rpc error: code = Unknown desc = sql: no rows in result set
